[MFLOG|0|2022-05-27T14:58:26.223453Z|runtime|59d6984a-db9a-484f-9a05-e6ace62fff88]Model: "model"
[MFLOG|0|2022-05-27T14:58:26.223730Z|runtime|57a203ae-4b69-4d42-9eca-691a30919362]__________________________________________________________________________________________________
[MFLOG|0|2022-05-27T14:58:26.223937Z|runtime|6890a7ab-77a6-41fa-b37b-cb2499fed336] Layer (type)                   Output Shape         Param #     Connected to                     
[MFLOG|0|2022-05-27T14:58:26.224130Z|runtime|d68a58fc-c233-4c2d-8703-efeae5f52cdf]==================================================================================================
[MFLOG|0|2022-05-27T14:58:26.224341Z|runtime|41ef2ae1-5d25-46f8-98c3-5750d636f294] input_1 (InputLayer)           [(None, 224, 224, 1  0           []                               
[MFLOG|0|2022-05-27T14:58:28.287726Z|runtime|94570ae7-c44e-4cbd-a1de-93e4e5b2f0a9]                                )]                                                                
[MFLOG|0|2022-05-27T14:58:28.288030Z|runtime|f991ec86-7377-432a-9794-f695950bd3c1]                                                                                                  
[MFLOG|0|2022-05-27T14:58:28.288208Z|runtime|512ec220-78cd-4342-bfe8-d651c097499f] input_2 (InputLayer)           [(None, 224, 224, 1  0           []                               
[MFLOG|0|2022-05-27T14:58:28.288381Z|runtime|1c8ad7f1-8793-4f24-b7e3-9769d89fe163]                                )]                                                                
[MFLOG|0|2022-05-27T14:58:28.288551Z|runtime|00f0dee7-166a-4887-a19b-cd0ac257c3d9]                                                                                                  
[MFLOG|0|2022-05-27T14:58:28.288721Z|runtime|eb01507c-a16d-4853-a6d0-308b275e0ae0] sequential (Sequential)        (None, 48)           65808       ['input_1[0][0]',                
[MFLOG|0|2022-05-27T14:58:28.288839Z|runtime|4f50b113-64e7-4f06-b644-ea01c067ea02]                                                                  'input_2[0][0]']                
[MFLOG|0|2022-05-27T14:58:28.288954Z|runtime|857f6055-c7db-43ac-beac-cc8a1e3cf735]                                                                                                  
[MFLOG|0|2022-05-27T14:58:28.289064Z|runtime|bc9869c6-20d4-4f86-855f-e8680673ebf2] lambda (Lambda)                (None, 48)           0           ['sequential[0][0]',             
[MFLOG|0|2022-05-27T14:58:28.289227Z|runtime|b80ef24e-9589-423c-8588-219fa8ce866e]                                                                  'sequential[1][0]']             
[MFLOG|0|2022-05-27T14:58:28.289345Z|runtime|cdb30c14-94cf-4d8e-8a4b-b4145e116ae5]                                                                                                  
[MFLOG|0|2022-05-27T14:58:28.289508Z|runtime|8679c718-c881-4c0f-a488-dbcb6b795c7b] dense_1 (Dense)                (None, 1)            49          ['lambda[0][0]']                 
[MFLOG|0|2022-05-27T14:58:28.289673Z|runtime|85515bb3-07f3-4f46-a811-4ec3af6278d5]                                                                                                  
[MFLOG|0|2022-05-27T14:58:28.289844Z|runtime|d807fc81-44cf-4bd0-b399-23bb2d727571]==================================================================================================
[MFLOG|0|2022-05-27T14:58:28.290016Z|runtime|35ff8572-f0ae-4317-ac13-7a01fb3c3f5a]Total params: 65,857
[MFLOG|0|2022-05-27T14:58:28.290183Z|runtime|a38952b9-bc87-4fed-87a3-657ef4f8cea5]Trainable params: 65,857
[MFLOG|0|2022-05-27T14:58:28.290366Z|runtime|29e5f9f9-7e27-4fc2-a531-bc1648d0cc45]Non-trainable params: 0
[MFLOG|0|2022-05-27T14:58:28.290531Z|runtime|db7785f0-3d3d-43cf-972f-aa613edb5aae]__________________________________________________________________________________________________
[MFLOG|0|2022-05-27T14:58:28.291202Z|runtime|b5e11057-0486-4be6-87f0-92a6f287272b]None
